{"/Users/madimetjashika/Documents/Documents – Madimetja’s MacBook Pro (2)/personal-projects/personal/vuetify-google-autocomplete-webpack/src/vga/VuetifyGoogleAutocomplete.js": {"path":"/Users/madimetjashika/Documents/Documents – Madimetja’s MacBook Pro (2)/personal-projects/personal/vuetify-google-autocomplete-webpack/src/vga/VuetifyGoogleAutocomplete.js","statementMap":{"0":{"start":{"line":1,"column":0},"end":{"line":null,"column":-1}},"1":{"start":{"line":23,"column":15},"end":{"line":null,"column":-1}},"2":{"start":{"line":240,"column":15},"end":{"line":null,"column":-1}},"3":{"start":{"line":370,"column":15},"end":{"line":null,"column":-1}},"4":{"start":{"line":547,"column":15},"end":{"line":null,"column":-1}},"5":{"start":{"line":653,"column":15},"end":{"line":null,"column":-1}},"6":{"start":{"line":685,"column":15},"end":{"line":null,"column":-1}},"7":{"start":{"line":741,"column":8},"end":{"line":null,"column":-1}},"8":{"start":{"line":784,"column":39},"end":{"line":784,"column":6}},"9":{"start":{"line":786,"column":6},"end":{"line":791,"column":7}},"10":{"start":{"line":788,"column":8},"end":{"line":null,"column":-1}},"11":{"start":{"line":790,"column":8},"end":{"line":null,"column":-1}},"12":{"start":{"line":793,"column":6},"end":{"line":null,"column":-1}},"13":{"start":{"line":806,"column":6},"end":{"line":null,"column":-1}},"14":{"start":{"line":807,"column":6},"end":{"line":null,"column":-1}},"15":{"start":{"line":815,"column":6},"end":{"line":null,"column":-1}},"16":{"start":{"line":823,"column":6},"end":{"line":null,"column":-1}},"17":{"start":{"line":831,"column":6},"end":{"line":null,"column":-1}},"18":{"start":{"line":839,"column":6},"end":{"line":null,"column":-1}},"19":{"start":{"line":847,"column":6},"end":{"line":null,"column":-1}},"20":{"start":{"line":855,"column":6},"end":{"line":null,"column":-1}},"21":{"start":{"line":863,"column":6},"end":{"line":null,"column":-1}},"22":{"start":{"line":871,"column":6},"end":{"line":null,"column":-1}},"23":{"start":{"line":880,"column":6},"end":{"line":null,"column":-1}},"24":{"start":{"line":888,"column":6},"end":{"line":null,"column":-1}},"25":{"start":{"line":889,"column":6},"end":{"line":null,"column":-1}},"26":{"start":{"line":897,"column":6},"end":{"line":null,"column":-1}},"27":{"start":{"line":905,"column":6},"end":{"line":null,"column":-1}},"28":{"start":{"line":914,"column":6},"end":{"line":null,"column":-1}},"29":{"start":{"line":922,"column":16},"end":{"line":null,"column":-1}},"30":{"start":{"line":923,"column":6},"end":{"line":942,"column":7}},"31":{"start":{"line":924,"column":8},"end":{"line":941,"column":9}},"32":{"start":{"line":925,"column":10},"end":{"line":null,"column":-1}},"33":{"start":{"line":926,"column":32},"end":{"line":926,"column":12}},"34":{"start":{"line":932,"column":12},"end":{"line":null,"column":-1}},"35":{"start":{"line":933,"column":29},"end":{"line":933,"column":14}},"36":{"start":{"line":937,"column":14},"end":{"line":null,"column":-1}},"37":{"start":{"line":938,"column":14},"end":{"line":null,"column":-1}},"38":{"start":{"line":945,"column":18},"end":{"line":null,"column":-1}},"39":{"start":{"line":946,"column":22},"end":{"line":946,"column":6}},"40":{"start":{"line":948,"column":6},"end":{"line":950,"column":7}},"41":{"start":{"line":949,"column":8},"end":{"line":null,"column":-1}},"42":{"start":{"line":952,"column":6},"end":{"line":956,"column":7}},"43":{"start":{"line":953,"column":8},"end":{"line":null,"column":-1}},"44":{"start":{"line":958,"column":6},"end":{"line":964,"column":7}},"45":{"start":{"line":959,"column":8},"end":{"line":963,"column":9}},"46":{"start":{"line":960,"column":10},"end":{"line":null,"column":-1}},"47":{"start":{"line":962,"column":10},"end":{"line":null,"column":-1}},"48":{"start":{"line":967,"column":6},"end":{"line":null,"column":-1}},"49":{"start":{"line":968,"column":8},"end":{"line":null,"column":-1}},"50":{"start":{"line":974,"column":8},"end":{"line":null,"column":-1}},"51":{"start":{"line":975,"column":24},"end":{"line":975,"column":10}},"52":{"start":{"line":978,"column":10},"end":{"line":983,"column":11}},"53":{"start":{"line":981,"column":12},"end":{"line":null,"column":-1}},"54":{"start":{"line":982,"column":12},"end":{"line":null,"column":-1}},"55":{"start":{"line":985,"column":29},"end":{"line":985,"column":10}},"56":{"start":{"line":987,"column":10},"end":{"line":991,"column":11}},"57":{"start":{"line":988,"column":12},"end":{"line":null,"column":-1}},"58":{"start":{"line":989,"column":17},"end":{"line":991,"column":11}},"59":{"start":{"line":990,"column":12},"end":{"line":null,"column":-1}},"60":{"start":{"line":993,"column":10},"end":{"line":1032,"column":11}},"61":{"start":{"line":995,"column":12},"end":{"line":1002,"column":13}},"62":{"start":{"line":996,"column":34},"end":{"line":996,"column":14}},"63":{"start":{"line":998,"column":14},"end":{"line":1001,"column":15}},"64":{"start":{"line":999,"column":28},"end":{"line":999,"column":16}},"65":{"start":{"line":1000,"column":16},"end":{"line":null,"column":-1}},"66":{"start":{"line":1003,"column":12},"end":{"line":1006,"column":13}},"67":{"start":{"line":1004,"column":14},"end":{"line":null,"column":-1}},"68":{"start":{"line":1005,"column":14},"end":{"line":null,"column":-1}},"69":{"start":{"line":1009,"column":12},"end":{"line":1011,"column":13}},"70":{"start":{"line":1010,"column":14},"end":{"line":null,"column":-1}},"71":{"start":{"line":1012,"column":12},"end":{"line":1014,"column":13}},"72":{"start":{"line":1013,"column":14},"end":{"line":null,"column":-1}},"73":{"start":{"line":1015,"column":12},"end":{"line":1017,"column":13}},"74":{"start":{"line":1016,"column":14},"end":{"line":null,"column":-1}},"75":{"start":{"line":1020,"column":12},"end":{"line":null,"column":-1}},"76":{"start":{"line":1023,"column":12},"end":{"line":null,"column":-1}},"77":{"start":{"line":1024,"column":12},"end":{"line":null,"column":-1}},"78":{"start":{"line":1025,"column":12},"end":{"line":1031,"column":13}},"79":{"start":{"line":1030,"column":14},"end":{"line":null,"column":-1}},"80":{"start":{"line":1040,"column":6},"end":{"line":null,"column":-1}},"81":{"start":{"line":1053,"column":6},"end":{"line":1063,"column":7}},"82":{"start":{"line":1054,"column":8},"end":{"line":1057,"column":9}},"83":{"start":{"line":1055,"column":10},"end":{"line":null,"column":-1}},"84":{"start":{"line":1056,"column":18},"end":{"line":null,"column":-1}},"85":{"start":{"line":1058,"column":13},"end":{"line":1063,"column":7}},"86":{"start":{"line":1059,"column":8},"end":{"line":null,"column":-1}},"87":{"start":{"line":1071,"column":4},"end":{"line":null,"column":-1}},"88":{"start":{"line":1072,"column":4},"end":{"line":null,"column":-1}},"89":{"start":{"line":1079,"column":4},"end":{"line":null,"column":-1}},"90":{"start":{"line":1080,"column":4},"end":{"line":null,"column":-1}},"91":{"start":{"line":1088,"column":4},"end":{"line":null,"column":-1}},"92":{"start":{"line":1094,"column":24},"end":{"line":null,"column":-1}},"93":{"start":{"line":1095,"column":17},"end":{"line":1095,"column":4}},"94":{"start":{"line":1096,"column":4},"end":{"line":null,"column":-1}},"95":{"start":{"line":1176,"column":10},"end":{"line":null,"column":-1}},"96":{"start":{"line":1179,"column":10},"end":{"line":null,"column":-1}},"97":{"start":{"line":1182,"column":10},"end":{"line":null,"column":-1}},"98":{"start":{"line":1185,"column":10},"end":{"line":null,"column":-1}},"99":{"start":{"line":1188,"column":10},"end":{"line":null,"column":-1}},"100":{"start":{"line":1191,"column":10},"end":{"line":null,"column":-1}},"101":{"start":{"line":1194,"column":10},"end":{"line":null,"column":-1}},"102":{"start":{"line":1197,"column":10},"end":{"line":null,"column":-1}},"103":{"start":{"line":1200,"column":10},"end":{"line":null,"column":-1}},"104":{"start":{"line":1203,"column":10},"end":{"line":null,"column":-1}},"105":{"start":{"line":1207,"column":10},"end":{"line":null,"column":-1}},"106":{"start":{"line":1220,"column":11},"end":{"line":null,"column":-1}},"107":{"start":{"line":1230,"column":6},"end":{"line":null,"column":-1}},"108":{"start":{"line":1237,"column":6},"end":{"line":1240,"column":7}},"109":{"start":{"line":1238,"column":8},"end":{"line":null,"column":-1}},"110":{"start":{"line":1239,"column":8},"end":{"line":null,"column":-1}},"111":{"start":{"line":1246,"column":6},"end":{"line":1248,"column":7}},"112":{"start":{"line":1247,"column":8},"end":{"line":null,"column":-1}},"113":{"start":{"line":1255,"column":6},"end":{"line":1261,"column":7}},"114":{"start":{"line":1256,"column":8},"end":{"line":1260,"column":9}},"115":{"start":{"line":1257,"column":10},"end":{"line":null,"column":-1}},"116":{"start":{"line":1259,"column":10},"end":{"line":null,"column":-1}},"117":{"start":{"line":1268,"column":6},"end":{"line":1270,"column":7}},"118":{"start":{"line":1269,"column":8},"end":{"line":null,"column":-1}},"119":{"start":{"line":1272,"column":6},"end":{"line":null,"column":-1}},"120":{"start":{"line":1281,"column":6},"end":{"line":1283,"column":7}},"121":{"start":{"line":1282,"column":8},"end":{"line":null,"column":-1}},"122":{"start":{"line":1287,"column":6},"end":{"line":null,"column":-1}},"123":{"start":{"line":1294,"column":6},"end":{"line":1296,"column":7}},"124":{"start":{"line":1295,"column":8},"end":{"line":null,"column":-1}}},"fnMap":{"0":{"name":"_default","decl":{"start":{"line":23,"column":15},"end":{"line":null,"column":-1}},"loc":{"start":{"line":23,"column":15},"end":{"line":null,"column":-1}}},"1":{"name":"_default","decl":{"start":{"line":240,"column":15},"end":{"line":null,"column":-1}},"loc":{"start":{"line":240,"column":15},"end":{"line":null,"column":-1}}},"2":{"name":"_default","decl":{"start":{"line":370,"column":15},"end":{"line":null,"column":-1}},"loc":{"start":{"line":370,"column":15},"end":{"line":null,"column":-1}}},"3":{"name":"_default","decl":{"start":{"line":547,"column":15},"end":{"line":null,"column":-1}},"loc":{"start":{"line":547,"column":15},"end":{"line":null,"column":-1}}},"4":{"name":"_default","decl":{"start":{"line":653,"column":15},"end":{"line":null,"column":-1}},"loc":{"start":{"line":653,"column":15},"end":{"line":null,"column":-1}}},"5":{"name":"_default","decl":{"start":{"line":685,"column":15},"end":{"line":null,"column":-1}},"loc":{"start":{"line":685,"column":15},"end":{"line":null,"column":-1}}},"6":{"name":"data","decl":{"start":{"line":741,"column":8},"end":{"line":null,"column":-1}},"loc":{"start":{"line":741,"column":8},"end":{"line":7,"column":15}}},"7":{"name":"rulesPlusInternalRules","decl":{"start":{"line":782,"column":12},"end":{"line":783,"column":28}},"loc":{"start":{"line":783,"column":29},"end":{"line":794,"column":5}}},"8":{"name":"onFocus","decl":{"start":{"line":800,"column":11},"end":{"line":805,"column":13}},"loc":{"start":{"line":805,"column":14},"end":{"line":800,"column":11}}},"9":{"name":"onBlur","decl":{"start":{"line":800,"column":11},"end":{"line":814,"column":12}},"loc":{"start":{"line":814,"column":13},"end":{"line":800,"column":11}}},"10":{"name":"onChange","decl":{"start":{"line":800,"column":11},"end":{"line":822,"column":14}},"loc":{"start":{"line":822,"column":15},"end":{"line":800,"column":11}}},"11":{"name":"onClickAppend","decl":{"start":{"line":800,"column":11},"end":{"line":830,"column":19}},"loc":{"start":{"line":830,"column":20},"end":{"line":800,"column":11}}},"12":{"name":"onClickAppendOuter","decl":{"start":{"line":800,"column":11},"end":{"line":838,"column":24}},"loc":{"start":{"line":838,"column":25},"end":{"line":800,"column":11}}},"13":{"name":"onClickClear","decl":{"start":{"line":800,"column":11},"end":{"line":846,"column":18}},"loc":{"start":{"line":846,"column":19},"end":{"line":800,"column":11}}},"14":{"name":"onClickPrepend","decl":{"start":{"line":800,"column":11},"end":{"line":854,"column":20}},"loc":{"start":{"line":854,"column":21},"end":{"line":800,"column":11}}},"15":{"name":"onClickPrependInner","decl":{"start":{"line":800,"column":11},"end":{"line":862,"column":25}},"loc":{"start":{"line":862,"column":26},"end":{"line":800,"column":11}}},"16":{"name":"onUpdateError","decl":{"start":{"line":800,"column":11},"end":{"line":870,"column":19}},"loc":{"start":{"line":870,"column":20},"end":{"line":800,"column":11}}},"17":{"name":"onKeyPress","decl":{"start":{"line":800,"column":11},"end":{"line":879,"column":14}},"loc":{"start":{"line":879,"column":22},"end":{"line":800,"column":11}}},"18":{"name":"clear","decl":{"start":{"line":800,"column":11},"end":{"line":887,"column":11}},"loc":{"start":{"line":887,"column":12},"end":{"line":800,"column":11}}},"19":{"name":"focus","decl":{"start":{"line":800,"column":11},"end":{"line":896,"column":11}},"loc":{"start":{"line":896,"column":12},"end":{"line":800,"column":11}}},"20":{"name":"blur","decl":{"start":{"line":800,"column":11},"end":{"line":904,"column":10}},"loc":{"start":{"line":904,"column":11},"end":{"line":800,"column":11}}},"21":{"name":"update","decl":{"start":{"line":800,"column":11},"end":{"line":913,"column":10}},"loc":{"start":{"line":913,"column":18},"end":{"line":800,"column":11}}},"22":{"name":"geolocate","decl":{"start":{"line":800,"column":11},"end":{"line":922,"column":15}},"loc":{"start":{"line":922,"column":16},"end":{"line":800,"column":11}}},"23":{"name":"(anonymous_24)","decl":{"start":{"line":925,"column":51},"end":{"line":925,"column":51}},"loc":{"start":{"line":925,"column":65},"end":{"line":925,"column":10}}},"24":{"name":"(anonymous_25)","decl":{"start":{"line":932,"column":30},"end":{"line":932,"column":35}},"loc":{"start":{"line":932,"column":36},"end":{"line":932,"column":12}}},"25":{"name":"setupGoogle","decl":{"start":{"line":800,"column":11},"end":{"line":945,"column":17}},"loc":{"start":{"line":945,"column":18},"end":{"line":800,"column":11}}},"26":{"name":"(anonymous_27)","decl":{"start":{"line":967,"column":24},"end":{"line":967,"column":29}},"loc":{"start":{"line":967,"column":30},"end":{"line":967,"column":6}}},"27":{"name":"(anonymous_28)","decl":{"start":{"line":974,"column":55},"end":{"line":974,"column":60}},"loc":{"start":{"line":974,"column":61},"end":{"line":974,"column":8}}},"28":{"name":"setupGmapApi","decl":{"start":{"line":800,"column":11},"end":{"line":1052,"column":16}},"loc":{"start":{"line":1052,"column":27},"end":{"line":1064,"column":5}}},"29":{"name":"(anonymous_30)","decl":{"start":{"line":1056,"column":18},"end":{"line":null,"column":-1}},"loc":{"start":{"line":1056,"column":18},"end":{"line":1055,"column":10}}},"30":{"name":"created","decl":{"start":{"line":7,"column":15},"end":{"line":1070,"column":11}},"loc":{"start":{"line":1070,"column":12},"end":{"line":7,"column":15}}},"31":{"name":"mounted","decl":{"start":{"line":7,"column":15},"end":{"line":1078,"column":11}},"loc":{"start":{"line":1078,"column":12},"end":{"line":7,"column":15}}},"32":{"name":"destroyed","decl":{"start":{"line":7,"column":15},"end":{"line":1086,"column":13}},"loc":{"start":{"line":1086,"column":14},"end":{"line":7,"column":15}}},"33":{"name":"render","decl":{"start":{"line":7,"column":15},"end":{"line":1094,"column":8}},"loc":{"start":{"line":1094,"column":24},"end":{"line":7,"column":15}}},"34":{"name":"focus","decl":{"start":{"line":1175,"column":15},"end":{"line":1175,"column":20}},"loc":{"start":{"line":1175,"column":21},"end":{"line":1174,"column":10}}},"35":{"name":"blur","decl":{"start":{"line":1178,"column":14},"end":{"line":1178,"column":19}},"loc":{"start":{"line":1178,"column":20},"end":{"line":1174,"column":10}}},"36":{"name":"change","decl":{"start":{"line":1181,"column":16},"end":{"line":1181,"column":21}},"loc":{"start":{"line":1181,"column":22},"end":{"line":1174,"column":10}}},"37":{"name":"clickAppend","decl":{"start":{"line":1184,"column":24},"end":{"line":1184,"column":29}},"loc":{"start":{"line":1184,"column":30},"end":{"line":1174,"column":10}}},"38":{"name":"clickAppendOuter","decl":{"start":{"line":1187,"column":30},"end":{"line":1187,"column":35}},"loc":{"start":{"line":1187,"column":36},"end":{"line":1174,"column":10}}},"39":{"name":"clickClear","decl":{"start":{"line":1190,"column":23},"end":{"line":1190,"column":28}},"loc":{"start":{"line":1190,"column":29},"end":{"line":1174,"column":10}}},"40":{"name":"clickPrepend","decl":{"start":{"line":1193,"column":25},"end":{"line":1193,"column":30}},"loc":{"start":{"line":1193,"column":31},"end":{"line":1174,"column":10}}},"41":{"name":"clickPrependInner","decl":{"start":{"line":1196,"column":31},"end":{"line":1196,"column":36}},"loc":{"start":{"line":1196,"column":37},"end":{"line":1174,"column":10}}},"42":{"name":"updateError","decl":{"start":{"line":1199,"column":24},"end":{"line":1199,"column":29}},"loc":{"start":{"line":1199,"column":30},"end":{"line":1174,"column":10}}},"43":{"name":"keypress","decl":{"start":{"line":1202,"column":18},"end":{"line":1202,"column":18}},"loc":{"start":{"line":1202,"column":25},"end":{"line":1174,"column":10}}},"44":{"name":"input","decl":{"start":{"line":1205,"column":15},"end":{"line":1205,"column":15}},"loc":{"start":{"line":1205,"column":26},"end":{"line":1208,"column":9}}},"45":{"name":"(anonymous_46)","decl":{"start":{"line":1220,"column":11},"end":{"line":null,"column":-1}},"loc":{"start":{"line":1220,"column":11},"end":{"line":1211,"column":4}}},"46":{"name":"autocompleteText","decl":{"start":{"line":1229,"column":31},"end":{"line":1229,"column":22}},"loc":{"start":{"line":1229,"column":56},"end":{"line":1225,"column":9}}},"47":{"name":"value","decl":{"start":{"line":1236,"column":20},"end":{"line":1236,"column":11}},"loc":{"start":{"line":1236,"column":34},"end":{"line":1225,"column":9}}},"48":{"name":"country","decl":{"start":{"line":1245,"column":22},"end":{"line":1245,"column":13}},"loc":{"start":{"line":1245,"column":38},"end":{"line":1225,"column":9}}},"49":{"name":"fields","decl":{"start":{"line":1254,"column":21},"end":{"line":1254,"column":12}},"loc":{"start":{"line":1254,"column":36},"end":{"line":1225,"column":9}}},"50":{"name":"enableGeolocation","decl":{"start":{"line":1267,"column":32},"end":{"line":1267,"column":23}},"loc":{"start":{"line":1267,"column":58},"end":{"line":1225,"column":9}}},"51":{"name":"vgaMapStateInitMap","decl":{"start":{"line":1280,"column":36},"end":{"line":1280,"column":27}},"loc":{"start":{"line":1280,"column":62},"end":{"line":1225,"column":9}}},"52":{"name":"vgaMapStateInitMap","decl":{"start":{"line":1286,"column":41},"end":{"line":1286,"column":32}},"loc":{"start":{"line":1286,"column":62},"end":{"line":1225,"column":9}}},"53":{"name":"types","decl":{"start":{"line":1293,"column":20},"end":{"line":1293,"column":11}},"loc":{"start":{"line":1293,"column":34},"end":{"line":1297,"column":5}}}},"branchMap":{"0":{"loc":{"start":{"line":786,"column":6},"end":{"line":791,"column":7}},"type":"if","locations":[{"start":{"line":786,"column":6},"end":{"line":791,"column":7}},{"start":{"line":786,"column":6},"end":{"line":791,"column":7}}]},"1":{"loc":{"start":{"line":786,"column":10},"end":{"line":786,"column":9}},"type":"binary-expr","locations":[{"start":{"line":786,"column":10},"end":{"line":786,"column":9}},{"start":{"line":787,"column":12},"end":{"line":787,"column":11}},{"start":{"line":787,"column":52},"end":{"line":786,"column":10}}]},"2":{"loc":{"start":{"line":923,"column":6},"end":{"line":942,"column":7}},"type":"if","locations":[{"start":{"line":923,"column":6},"end":{"line":942,"column":7}},{"start":{"line":923,"column":6},"end":{"line":942,"column":7}}]},"3":{"loc":{"start":{"line":923,"column":10},"end":{"line":923,"column":9}},"type":"binary-expr","locations":[{"start":{"line":923,"column":10},"end":{"line":923,"column":9}},{"start":{"line":923,"column":36},"end":{"line":923,"column":6}}]},"4":{"loc":{"start":{"line":924,"column":8},"end":{"line":941,"column":9}},"type":"if","locations":[{"start":{"line":924,"column":8},"end":{"line":941,"column":9}},{"start":{"line":924,"column":8},"end":{"line":941,"column":9}}]},"5":{"loc":{"start":{"line":948,"column":6},"end":{"line":950,"column":7}},"type":"if","locations":[{"start":{"line":948,"column":6},"end":{"line":950,"column":7}},{"start":{"line":948,"column":6},"end":{"line":950,"column":7}}]},"6":{"loc":{"start":{"line":952,"column":6},"end":{"line":956,"column":7}},"type":"if","locations":[{"start":{"line":952,"column":6},"end":{"line":956,"column":7}},{"start":{"line":952,"column":6},"end":{"line":956,"column":7}}]},"7":{"loc":{"start":{"line":958,"column":6},"end":{"line":964,"column":7}},"type":"if","locations":[{"start":{"line":958,"column":6},"end":{"line":964,"column":7}},{"start":{"line":958,"column":6},"end":{"line":964,"column":7}}]},"8":{"loc":{"start":{"line":959,"column":8},"end":{"line":963,"column":9}},"type":"if","locations":[{"start":{"line":959,"column":8},"end":{"line":963,"column":9}},{"start":{"line":959,"column":8},"end":{"line":963,"column":9}}]},"9":{"loc":{"start":{"line":978,"column":10},"end":{"line":983,"column":11}},"type":"if","locations":[{"start":{"line":978,"column":10},"end":{"line":983,"column":11}},{"start":{"line":978,"column":10},"end":{"line":983,"column":11}}]},"10":{"loc":{"start":{"line":987,"column":10},"end":{"line":991,"column":11}},"type":"if","locations":[{"start":{"line":987,"column":10},"end":{"line":991,"column":11}},{"start":{"line":987,"column":10},"end":{"line":991,"column":11}}]},"11":{"loc":{"start":{"line":987,"column":14},"end":{"line":987,"column":13}},"type":"binary-expr","locations":[{"start":{"line":987,"column":14},"end":{"line":987,"column":13}},{"start":{"line":987,"column":42},"end":{"line":987,"column":10}}]},"12":{"loc":{"start":{"line":989,"column":17},"end":{"line":991,"column":11}},"type":"if","locations":[{"start":{"line":989,"column":17},"end":{"line":991,"column":11}},{"start":{"line":989,"column":17},"end":{"line":991,"column":11}}]},"13":{"loc":{"start":{"line":993,"column":10},"end":{"line":1032,"column":11}},"type":"if","locations":[{"start":{"line":993,"column":10},"end":{"line":1032,"column":11}},{"start":{"line":993,"column":10},"end":{"line":1032,"column":11}}]},"14":{"loc":{"start":{"line":998,"column":14},"end":{"line":1001,"column":15}},"type":"if","locations":[{"start":{"line":998,"column":14},"end":{"line":1001,"column":15}},{"start":{"line":998,"column":14},"end":{"line":1001,"column":15}}]},"15":{"loc":{"start":{"line":1003,"column":12},"end":{"line":1006,"column":13}},"type":"if","locations":[{"start":{"line":1003,"column":12},"end":{"line":1006,"column":13}},{"start":{"line":1003,"column":12},"end":{"line":1006,"column":13}}]},"16":{"loc":{"start":{"line":1009,"column":12},"end":{"line":1011,"column":13}},"type":"if","locations":[{"start":{"line":1009,"column":12},"end":{"line":1011,"column":13}},{"start":{"line":1009,"column":12},"end":{"line":1011,"column":13}}]},"17":{"loc":{"start":{"line":1012,"column":12},"end":{"line":1014,"column":13}},"type":"if","locations":[{"start":{"line":1012,"column":12},"end":{"line":1014,"column":13}},{"start":{"line":1012,"column":12},"end":{"line":1014,"column":13}}]},"18":{"loc":{"start":{"line":1015,"column":12},"end":{"line":1017,"column":13}},"type":"if","locations":[{"start":{"line":1015,"column":12},"end":{"line":1017,"column":13}},{"start":{"line":1015,"column":12},"end":{"line":1017,"column":13}}]},"19":{"loc":{"start":{"line":1025,"column":12},"end":{"line":1031,"column":13}},"type":"if","locations":[{"start":{"line":1025,"column":12},"end":{"line":1031,"column":13}},{"start":{"line":1025,"column":12},"end":{"line":1031,"column":13}}]},"20":{"loc":{"start":{"line":1041,"column":56},"end":{"line":1041,"column":37}},"type":"cond-expr","locations":[{"start":{"line":1041,"column":56},"end":{"line":1041,"column":37}},{"start":{"line":1041,"column":75},"end":{"line":1040,"column":6}}]},"21":{"loc":{"start":{"line":1053,"column":6},"end":{"line":1063,"column":7}},"type":"if","locations":[{"start":{"line":1053,"column":6},"end":{"line":1063,"column":7}},{"start":{"line":1053,"column":6},"end":{"line":1063,"column":7}}]},"22":{"loc":{"start":{"line":1054,"column":8},"end":{"line":1057,"column":9}},"type":"if","locations":[{"start":{"line":1054,"column":8},"end":{"line":1057,"column":9}},{"start":{"line":1054,"column":8},"end":{"line":1057,"column":9}}]},"23":{"loc":{"start":{"line":1058,"column":13},"end":{"line":1063,"column":7}},"type":"if","locations":[{"start":{"line":1058,"column":13},"end":{"line":1063,"column":7}},{"start":{"line":1058,"column":13},"end":{"line":1063,"column":7}}]},"24":{"loc":{"start":{"line":1071,"column":41},"end":{"line":1071,"column":28}},"type":"cond-expr","locations":[{"start":{"line":1071,"column":41},"end":{"line":1071,"column":28}},{"start":{"line":1071,"column":54},"end":{"line":1071,"column":4}}]},"25":{"loc":{"start":{"line":1230,"column":26},"end":{"line":1230,"column":35}},"type":"binary-expr","locations":[{"start":{"line":1230,"column":26},"end":{"line":1230,"column":35}},{"start":{"line":1230,"column":36},"end":{"line":1230,"column":6}}]},"26":{"loc":{"start":{"line":1237,"column":6},"end":{"line":1240,"column":7}},"type":"if","locations":[{"start":{"line":1237,"column":6},"end":{"line":1240,"column":7}},{"start":{"line":1237,"column":6},"end":{"line":1240,"column":7}}]},"27":{"loc":{"start":{"line":1246,"column":6},"end":{"line":1248,"column":7}},"type":"if","locations":[{"start":{"line":1246,"column":6},"end":{"line":1248,"column":7}},{"start":{"line":1246,"column":6},"end":{"line":1248,"column":7}}]},"28":{"loc":{"start":{"line":1255,"column":6},"end":{"line":1261,"column":7}},"type":"if","locations":[{"start":{"line":1255,"column":6},"end":{"line":1261,"column":7}},{"start":{"line":1255,"column":6},"end":{"line":1261,"column":7}}]},"29":{"loc":{"start":{"line":1256,"column":8},"end":{"line":1260,"column":9}},"type":"if","locations":[{"start":{"line":1256,"column":8},"end":{"line":1260,"column":9}},{"start":{"line":1256,"column":8},"end":{"line":1260,"column":9}}]},"30":{"loc":{"start":{"line":1268,"column":6},"end":{"line":1270,"column":7}},"type":"if","locations":[{"start":{"line":1268,"column":6},"end":{"line":1270,"column":7}},{"start":{"line":1268,"column":6},"end":{"line":1270,"column":7}}]},"31":{"loc":{"start":{"line":1281,"column":6},"end":{"line":1283,"column":7}},"type":"if","locations":[{"start":{"line":1281,"column":6},"end":{"line":1283,"column":7}},{"start":{"line":1281,"column":6},"end":{"line":1283,"column":7}}]},"32":{"loc":{"start":{"line":1294,"column":6},"end":{"line":1296,"column":7}},"type":"if","locations":[{"start":{"line":1294,"column":6},"end":{"line":1296,"column":7}},{"start":{"line":1294,"column":6},"end":{"line":1296,"column":7}}]}},"s":{"0":0,"1":0,"2":0,"3":0,"4":0,"5":0,"6":0,"7":0,"8":0,"9":0,"10":0,"11":0,"12":0,"13":0,"14":0,"15":0,"16":0,"17":0,"18":0,"19":0,"20":0,"21":0,"22":0,"23":0,"24":0,"25":0,"26":0,"27":0,"28":0,"29":0,"30":0,"31":0,"32":0,"33":0,"34":0,"35":0,"36":0,"37":0,"38":0,"39":0,"40":0,"41":0,"42":0,"43":0,"44":0,"45":0,"46":0,"47":0,"48":0,"49":0,"50":0,"51":0,"52":0,"53":0,"54":0,"55":0,"56":0,"57":0,"58":0,"59":0,"60":0,"61":0,"62":0,"63":0,"64":0,"65":0,"66":0,"67":0,"68":0,"69":0,"70":0,"71":0,"72":0,"73":0,"74":0,"75":0,"76":0,"77":0,"78":0,"79":0,"80":0,"81":0,"82":0,"83":0,"84":0,"85":0,"86":0,"87":0,"88":0,"89":0,"90":0,"91":0,"92":0,"93":0,"94":0,"95":0,"96":0,"97":0,"98":0,"99":0,"100":0,"101":0,"102":0,"103":0,"104":0,"105":0,"106":0,"107":0,"108":0,"109":0,"110":0,"111":0,"112":0,"113":0,"114":0,"115":0,"116":0,"117":0,"118":0,"119":0,"120":0,"121":0,"122":0,"123":0,"124":0},"f":{"0":0,"1":0,"2":0,"3":0,"4":0,"5":0,"6":0,"7":0,"8":0,"9":0,"10":0,"11":0,"12":0,"13":0,"14":0,"15":0,"16":0,"17":0,"18":0,"19":0,"20":0,"21":0,"22":0,"23":0,"24":0,"25":0,"26":0,"27":0,"28":0,"29":0,"30":0,"31":0,"32":0,"33":0,"34":0,"35":0,"36":0,"37":0,"38":0,"39":0,"40":0,"41":0,"42":0,"43":0,"44":0,"45":0,"46":0,"47":0,"48":0,"49":0,"50":0,"51":0,"52":0,"53":0},"b":{"0":[0,0],"1":[0,0,0],"2":[0,0],"3":[0,0],"4":[0,0],"5":[0,0],"6":[0,0],"7":[0,0],"8":[0,0],"9":[0,0],"10":[0,0],"11":[0,0],"12":[0,0],"13":[0,0],"14":[0,0],"15":[0,0],"16":[0,0],"17":[0,0],"18":[0,0],"19":[0,0],"20":[0,0],"21":[0,0],"22":[0,0],"23":[0,0],"24":[0,0],"25":[0,0],"26":[0,0],"27":[0,0],"28":[0,0],"29":[0,0],"30":[0,0],"31":[0,0],"32":[0,0]}}
,"/Users/madimetjashika/Documents/Documents – Madimetja’s MacBook Pro (2)/personal-projects/personal/vuetify-google-autocomplete-webpack/src/vga/helper.js": {"path":"/Users/madimetjashika/Documents/Documents – Madimetja’s MacBook Pro (2)/personal-projects/personal/vuetify-google-autocomplete-webpack/src/vga/helper.js","statementMap":{"0":{"start":{"line":13,"column":23},"end":{"line":13,"column":0}},"1":{"start":{"line":14,"column":2},"end":{"line":71,"column":3}},"2":{"start":{"line":16,"column":4},"end":{"line":18,"column":5}},"3":{"start":{"line":17,"column":6},"end":{"line":null,"column":-1}},"4":{"start":{"line":20,"column":4},"end":{"line":26,"column":5}},"5":{"start":{"line":21,"column":6},"end":{"line":23,"column":7}},"6":{"start":{"line":22,"column":8},"end":{"line":21,"column":57}},"7":{"start":{"line":25,"column":6},"end":{"line":null,"column":-1}},"8":{"start":{"line":28,"column":4},"end":{"line":68,"column":5}},"9":{"start":{"line":29,"column":30},"end":{"line":29,"column":6}},"10":{"start":{"line":35,"column":22},"end":{"line":35,"column":6}},"11":{"start":{"line":36,"column":6},"end":{"line":44,"column":7}},"12":{"start":{"line":37,"column":8},"end":{"line":null,"column":-1}},"13":{"start":{"line":38,"column":13},"end":{"line":44,"column":7}},"14":{"start":{"line":39,"column":8},"end":{"line":null,"column":-1}},"15":{"start":{"line":40,"column":10},"end":{"line":null,"column":-1}},"16":{"start":{"line":43,"column":8},"end":{"line":null,"column":-1}},"17":{"start":{"line":46,"column":6},"end":{"line":null,"column":-1}},"18":{"start":{"line":47,"column":6},"end":{"line":null,"column":-1}},"19":{"start":{"line":49,"column":25},"end":{"line":49,"column":6}},"20":{"start":{"line":49,"column":50},"end":{"line":null,"column":-1}},"21":{"start":{"line":52,"column":10},"end":{"line":52,"column":6}},"22":{"start":{"line":54,"column":6},"end":{"line":56,"column":7}},"23":{"start":{"line":55,"column":8},"end":{"line":null,"column":-1}},"24":{"start":{"line":58,"column":6},"end":{"line":60,"column":7}},"25":{"start":{"line":59,"column":8},"end":{"line":null,"column":-1}},"26":{"start":{"line":62,"column":6},"end":{"line":null,"column":-1}},"27":{"start":{"line":63,"column":6},"end":{"line":null,"column":-1}},"28":{"start":{"line":64,"column":6},"end":{"line":null,"column":-1}},"29":{"start":{"line":65,"column":6},"end":{"line":null,"column":-1}},"30":{"start":{"line":67,"column":6},"end":{"line":null,"column":-1}},"31":{"start":{"line":70,"column":4},"end":{"line":null,"column":-1}}},"fnMap":{"0":{"name":"loadGoogleMaps","decl":{"start":{"line":13,"column":6},"end":{"line":13,"column":23}},"loc":{"start":{"line":13,"column":54},"end":{"line":13,"column":0}}},"1":{"name":"(anonymous_3)","decl":{"start":{"line":39,"column":36},"end":{"line":39,"column":36}},"loc":{"start":{"line":39,"column":45},"end":{"line":39,"column":8}}},"2":{"name":"(anonymous_4)","decl":{"start":{"line":49,"column":50},"end":{"line":null,"column":-1}},"loc":{"start":{"line":49,"column":50},"end":{"line":49,"column":25}}}},"branchMap":{"0":{"loc":{"start":{"line":16,"column":4},"end":{"line":18,"column":5}},"type":"if","locations":[{"start":{"line":16,"column":4},"end":{"line":18,"column":5}},{"start":{"line":16,"column":4},"end":{"line":18,"column":5}}]},"1":{"loc":{"start":{"line":16,"column":8},"end":{"line":16,"column":7}},"type":"binary-expr","locations":[{"start":{"line":16,"column":8},"end":{"line":16,"column":7}},{"start":{"line":16,"column":41},"end":{"line":16,"column":4}}]},"2":{"loc":{"start":{"line":20,"column":4},"end":{"line":26,"column":5}},"type":"if","locations":[{"start":{"line":20,"column":4},"end":{"line":26,"column":5}},{"start":{"line":20,"column":4},"end":{"line":26,"column":5}}]},"3":{"loc":{"start":{"line":20,"column":8},"end":{"line":20,"column":7}},"type":"binary-expr","locations":[{"start":{"line":20,"column":8},"end":{"line":20,"column":7}},{"start":{"line":20,"column":45},"end":{"line":20,"column":4}}]},"4":{"loc":{"start":{"line":21,"column":6},"end":{"line":23,"column":7}},"type":"if","locations":[{"start":{"line":21,"column":6},"end":{"line":23,"column":7}},{"start":{"line":21,"column":6},"end":{"line":23,"column":7}}]},"5":{"loc":{"start":{"line":28,"column":4},"end":{"line":68,"column":5}},"type":"if","locations":[{"start":{"line":28,"column":4},"end":{"line":68,"column":5}},{"start":{"line":28,"column":4},"end":{"line":68,"column":5}}]},"6":{"loc":{"start":{"line":36,"column":6},"end":{"line":44,"column":7}},"type":"if","locations":[{"start":{"line":36,"column":6},"end":{"line":44,"column":7}},{"start":{"line":36,"column":6},"end":{"line":44,"column":7}}]},"7":{"loc":{"start":{"line":38,"column":13},"end":{"line":44,"column":7}},"type":"if","locations":[{"start":{"line":38,"column":13},"end":{"line":44,"column":7}},{"start":{"line":38,"column":13},"end":{"line":44,"column":7}}]},"8":{"loc":{"start":{"line":38,"column":17},"end":{"line":38,"column":23}},"type":"cond-expr","locations":[{"start":{"line":38,"column":17},"end":{"line":38,"column":23}},{"start":{"line":38,"column":17},"end":{"line":38,"column":34}}]},"9":{"loc":{"start":{"line":54,"column":6},"end":{"line":56,"column":7}},"type":"if","locations":[{"start":{"line":54,"column":6},"end":{"line":56,"column":7}},{"start":{"line":54,"column":6},"end":{"line":56,"column":7}}]},"10":{"loc":{"start":{"line":58,"column":6},"end":{"line":60,"column":7}},"type":"if","locations":[{"start":{"line":58,"column":6},"end":{"line":60,"column":7}},{"start":{"line":58,"column":6},"end":{"line":60,"column":7}}]}},"s":{"0":0,"1":0,"2":0,"3":0,"4":0,"5":0,"6":0,"7":0,"8":0,"9":0,"10":0,"11":0,"12":0,"13":0,"14":0,"15":0,"16":0,"17":0,"18":0,"19":0,"20":0,"21":0,"22":0,"23":0,"24":0,"25":0,"26":0,"27":0,"28":0,"29":0,"30":0,"31":0},"f":{"0":0,"1":0,"2":0},"b":{"0":[0,0],"1":[0,0],"2":[0,0],"3":[0,0],"4":[0,0],"5":[0,0],"6":[0,0],"7":[0,0],"8":[0,0],"9":[0,0],"10":[0,0]}}
,"/Users/madimetjashika/Documents/Documents – Madimetja’s MacBook Pro (2)/personal-projects/personal/vuetify-google-autocomplete-webpack/src/vga/index.js": {"path":"/Users/madimetjashika/Documents/Documents – Madimetja’s MacBook Pro (2)/personal-projects/personal/vuetify-google-autocomplete-webpack/src/vga/index.js","statementMap":{"0":{"start":{"line":1,"column":0},"end":{"line":null,"column":-1}},"1":{"start":{"line":2,"column":0},"end":{"line":null,"column":-1}},"2":{"start":{"line":5,"column":0},"end":{"line":13,"column":1}},"3":{"start":{"line":6,"column":2},"end":{"line":null,"column":-1}},"4":{"start":{"line":10,"column":2},"end":{"line":null,"column":-1}},"5":{"start":{"line":11,"column":4},"end":{"line":null,"column":-1}},"6":{"start":{"line":15,"column":0},"end":{"line":null,"column":-1}},"7":{"start":{"line":17,"column":2},"end":{"line":null,"column":-1}},"8":{"start":{"line":47,"column":2},"end":{"line":null,"column":-1}},"9":{"start":{"line":49,"column":6},"end":{"line":null,"column":-1}},"10":{"start":{"line":53,"column":2},"end":{"line":57,"column":3}},"11":{"start":{"line":54,"column":4},"end":{"line":53,"column":22}},"12":{"start":{"line":55,"column":6},"end":{"line":null,"column":-1}},"13":{"start":{"line":59,"column":2},"end":{"line":61,"column":3}},"14":{"start":{"line":60,"column":4},"end":{"line":null,"column":-1}}},"fnMap":{"0":{"name":"(anonymous_2)","decl":{"start":{"line":10,"column":23},"end":{"line":10,"column":28}},"loc":{"start":{"line":10,"column":29},"end":{"line":10,"column":2}}},"1":{"name":"(anonymous_3)","decl":{"start":{"line":15,"column":36},"end":{"line":15,"column":36}},"loc":{"start":{"line":15,"column":54},"end":{"line":15,"column":0}}},"2":{"name":"created","decl":{"start":{"line":47,"column":12},"end":{"line":48,"column":13}},"loc":{"start":{"line":48,"column":14},"end":{"line":50,"column":5}}}},"branchMap":{"0":{"loc":{"start":{"line":5,"column":0},"end":{"line":13,"column":1}},"type":"if","locations":[{"start":{"line":5,"column":0},"end":{"line":13,"column":1}},{"start":{"line":5,"column":0},"end":{"line":13,"column":1}}]},"1":{"loc":{"start":{"line":53,"column":2},"end":{"line":57,"column":3}},"type":"if","locations":[{"start":{"line":53,"column":2},"end":{"line":57,"column":3}},{"start":{"line":53,"column":2},"end":{"line":57,"column":3}}]},"2":{"loc":{"start":{"line":54,"column":4},"end":{"line":53,"column":22}},"type":"if","locations":[{"start":{"line":54,"column":4},"end":{"line":53,"column":22}},{"start":{"line":54,"column":4},"end":{"line":53,"column":22}}]},"3":{"loc":{"start":{"line":59,"column":2},"end":{"line":61,"column":3}},"type":"if","locations":[{"start":{"line":59,"column":2},"end":{"line":61,"column":3}},{"start":{"line":59,"column":2},"end":{"line":61,"column":3}}]}},"s":{"0":0,"1":0,"2":0,"3":0,"4":0,"5":0,"6":0,"7":0,"8":0,"9":0,"10":0,"11":0,"12":0,"13":0,"14":0},"f":{"0":0,"1":0,"2":0},"b":{"0":[0,0],"1":[0,0],"2":[0,0],"3":[0,0]}}
}
