TN:
SF:/Users/madimetjashika/Documents/Documents – Madimetja’s MacBook Pro (2)/personal-projects/personal/vuetify-google-autocomplete-webpack/src/vga/VuetifyGoogleAutocomplete.js
FN:23,_default
FN:240,_default
FN:370,_default
FN:547,_default
FN:653,_default
FN:685,_default
FN:741,data
FN:782,rulesPlusInternalRules
FN:800,onFocus
FN:800,onBlur
FN:800,onChange
FN:800,onClickAppend
FN:800,onClickAppendOuter
FN:800,onClickClear
FN:800,onClickPrepend
FN:800,onClickPrependInner
FN:800,onUpdateError
FN:800,onKeyPress
FN:800,clear
FN:800,focus
FN:800,blur
FN:800,update
FN:800,geolocate
FN:925,(anonymous_24)
FN:932,(anonymous_25)
FN:800,setupGoogle
FN:967,(anonymous_27)
FN:974,(anonymous_28)
FN:800,setupGmapApi
FN:1056,(anonymous_30)
FN:7,created
FN:7,mounted
FN:7,destroyed
FN:7,render
FN:1175,focus
FN:1178,blur
FN:1181,change
FN:1184,clickAppend
FN:1187,clickAppendOuter
FN:1190,clickClear
FN:1193,clickPrepend
FN:1196,clickPrependInner
FN:1199,updateError
FN:1202,keypress
FN:1205,input
FN:1220,(anonymous_46)
FN:1229,autocompleteText
FN:1236,value
FN:1245,country
FN:1254,fields
FN:1267,enableGeolocation
FN:1280,vgaMapStateInitMap
FN:1286,vgaMapStateInitMap
FN:1293,types
FNF:54
FNH:0
FNDA:0,_default
FNDA:0,_default
FNDA:0,_default
FNDA:0,_default
FNDA:0,_default
FNDA:0,_default
FNDA:0,data
FNDA:0,rulesPlusInternalRules
FNDA:0,onFocus
FNDA:0,onBlur
FNDA:0,onChange
FNDA:0,onClickAppend
FNDA:0,onClickAppendOuter
FNDA:0,onClickClear
FNDA:0,onClickPrepend
FNDA:0,onClickPrependInner
FNDA:0,onUpdateError
FNDA:0,onKeyPress
FNDA:0,clear
FNDA:0,focus
FNDA:0,blur
FNDA:0,update
FNDA:0,geolocate
FNDA:0,(anonymous_24)
FNDA:0,(anonymous_25)
FNDA:0,setupGoogle
FNDA:0,(anonymous_27)
FNDA:0,(anonymous_28)
FNDA:0,setupGmapApi
FNDA:0,(anonymous_30)
FNDA:0,created
FNDA:0,mounted
FNDA:0,destroyed
FNDA:0,render
FNDA:0,focus
FNDA:0,blur
FNDA:0,change
FNDA:0,clickAppend
FNDA:0,clickAppendOuter
FNDA:0,clickClear
FNDA:0,clickPrepend
FNDA:0,clickPrependInner
FNDA:0,updateError
FNDA:0,keypress
FNDA:0,input
FNDA:0,(anonymous_46)
FNDA:0,autocompleteText
FNDA:0,value
FNDA:0,country
FNDA:0,fields
FNDA:0,enableGeolocation
FNDA:0,vgaMapStateInitMap
FNDA:0,vgaMapStateInitMap
FNDA:0,types
DA:1,0
DA:23,0
DA:240,0
DA:370,0
DA:547,0
DA:653,0
DA:685,0
DA:741,0
DA:784,0
DA:786,0
DA:788,0
DA:790,0
DA:793,0
DA:806,0
DA:807,0
DA:815,0
DA:823,0
DA:831,0
DA:839,0
DA:847,0
DA:855,0
DA:863,0
DA:871,0
DA:880,0
DA:888,0
DA:889,0
DA:897,0
DA:905,0
DA:914,0
DA:922,0
DA:923,0
DA:924,0
DA:925,0
DA:926,0
DA:932,0
DA:933,0
DA:937,0
DA:938,0
DA:945,0
DA:946,0
DA:948,0
DA:949,0
DA:952,0
DA:953,0
DA:958,0
DA:959,0
DA:960,0
DA:962,0
DA:967,0
DA:968,0
DA:974,0
DA:975,0
DA:978,0
DA:981,0
DA:982,0
DA:985,0
DA:987,0
DA:988,0
DA:989,0
DA:990,0
DA:993,0
DA:995,0
DA:996,0
DA:998,0
DA:999,0
DA:1000,0
DA:1003,0
DA:1004,0
DA:1005,0
DA:1009,0
DA:1010,0
DA:1012,0
DA:1013,0
DA:1015,0
DA:1016,0
DA:1020,0
DA:1023,0
DA:1024,0
DA:1025,0
DA:1030,0
DA:1040,0
DA:1053,0
DA:1054,0
DA:1055,0
DA:1056,0
DA:1058,0
DA:1059,0
DA:1071,0
DA:1072,0
DA:1079,0
DA:1080,0
DA:1088,0
DA:1094,0
DA:1095,0
DA:1096,0
DA:1176,0
DA:1179,0
DA:1182,0
DA:1185,0
DA:1188,0
DA:1191,0
DA:1194,0
DA:1197,0
DA:1200,0
DA:1203,0
DA:1207,0
DA:1220,0
DA:1230,0
DA:1237,0
DA:1238,0
DA:1239,0
DA:1246,0
DA:1247,0
DA:1255,0
DA:1256,0
DA:1257,0
DA:1259,0
DA:1268,0
DA:1269,0
DA:1272,0
DA:1281,0
DA:1282,0
DA:1287,0
DA:1294,0
DA:1295,0
LF:125
LH:0
BRDA:786,0,0,0
BRDA:786,0,1,0
BRDA:786,1,0,0
BRDA:786,1,1,0
BRDA:786,1,2,0
BRDA:923,2,0,0
BRDA:923,2,1,0
BRDA:923,3,0,0
BRDA:923,3,1,0
BRDA:924,4,0,0
BRDA:924,4,1,0
BRDA:948,5,0,0
BRDA:948,5,1,0
BRDA:952,6,0,0
BRDA:952,6,1,0
BRDA:958,7,0,0
BRDA:958,7,1,0
BRDA:959,8,0,0
BRDA:959,8,1,0
BRDA:978,9,0,0
BRDA:978,9,1,0
BRDA:987,10,0,0
BRDA:987,10,1,0
BRDA:987,11,0,0
BRDA:987,11,1,0
BRDA:989,12,0,0
BRDA:989,12,1,0
BRDA:993,13,0,0
BRDA:993,13,1,0
BRDA:998,14,0,0
BRDA:998,14,1,0
BRDA:1003,15,0,0
BRDA:1003,15,1,0
BRDA:1009,16,0,0
BRDA:1009,16,1,0
BRDA:1012,17,0,0
BRDA:1012,17,1,0
BRDA:1015,18,0,0
BRDA:1015,18,1,0
BRDA:1025,19,0,0
BRDA:1025,19,1,0
BRDA:1041,20,0,0
BRDA:1041,20,1,0
BRDA:1053,21,0,0
BRDA:1053,21,1,0
BRDA:1054,22,0,0
BRDA:1054,22,1,0
BRDA:1058,23,0,0
BRDA:1058,23,1,0
BRDA:1071,24,0,0
BRDA:1071,24,1,0
BRDA:1230,25,0,0
BRDA:1230,25,1,0
BRDA:1237,26,0,0
BRDA:1237,26,1,0
BRDA:1246,27,0,0
BRDA:1246,27,1,0
BRDA:1255,28,0,0
BRDA:1255,28,1,0
BRDA:1256,29,0,0
BRDA:1256,29,1,0
BRDA:1268,30,0,0
BRDA:1268,30,1,0
BRDA:1281,31,0,0
BRDA:1281,31,1,0
BRDA:1294,32,0,0
BRDA:1294,32,1,0
BRF:67
BRH:0
end_of_record
TN:
SF:/Users/madimetjashika/Documents/Documents – Madimetja’s MacBook Pro (2)/personal-projects/personal/vuetify-google-autocomplete-webpack/src/vga/helper.js
FN:13,loadGoogleMaps
FN:39,(anonymous_3)
FN:49,(anonymous_4)
FNF:3
FNH:0
FNDA:0,loadGoogleMaps
FNDA:0,(anonymous_3)
FNDA:0,(anonymous_4)
DA:13,0
DA:14,0
DA:16,0
DA:17,0
DA:20,0
DA:21,0
DA:22,0
DA:25,0
DA:28,0
DA:29,0
DA:35,0
DA:36,0
DA:37,0
DA:38,0
DA:39,0
DA:40,0
DA:43,0
DA:46,0
DA:47,0
DA:49,0
DA:52,0
DA:54,0
DA:55,0
DA:58,0
DA:59,0
DA:62,0
DA:63,0
DA:64,0
DA:65,0
DA:67,0
DA:70,0
LF:31
LH:0
BRDA:16,0,0,0
BRDA:16,0,1,0
BRDA:16,1,0,0
BRDA:16,1,1,0
BRDA:20,2,0,0
BRDA:20,2,1,0
BRDA:20,3,0,0
BRDA:20,3,1,0
BRDA:21,4,0,0
BRDA:21,4,1,0
BRDA:28,5,0,0
BRDA:28,5,1,0
BRDA:36,6,0,0
BRDA:36,6,1,0
BRDA:38,7,0,0
BRDA:38,7,1,0
BRDA:38,8,0,0
BRDA:38,8,1,0
BRDA:54,9,0,0
BRDA:54,9,1,0
BRDA:58,10,0,0
BRDA:58,10,1,0
BRF:22
BRH:0
end_of_record
TN:
SF:/Users/madimetjashika/Documents/Documents – Madimetja’s MacBook Pro (2)/personal-projects/personal/vuetify-google-autocomplete-webpack/src/vga/index.js
FN:10,(anonymous_2)
FN:15,(anonymous_3)
FN:47,created
FNF:3
FNH:0
FNDA:0,(anonymous_2)
FNDA:0,(anonymous_3)
FNDA:0,created
DA:1,0
DA:2,0
DA:5,0
DA:6,0
DA:10,0
DA:11,0
DA:15,0
DA:17,0
DA:47,0
DA:49,0
DA:53,0
DA:54,0
DA:55,0
DA:59,0
DA:60,0
LF:15
LH:0
BRDA:5,0,0,0
BRDA:5,0,1,0
BRDA:53,1,0,0
BRDA:53,1,1,0
BRDA:54,2,0,0
BRDA:54,2,1,0
BRDA:59,3,0,0
BRDA:59,3,1,0
BRF:8
BRH:0
end_of_record
